
Showing logs for build [32mmellard-org-terraform-azurerm-j-gm22s-5[0m stage [32mci[0m and container [32mcredential-initializer[0m
{"level":"info","ts":1598516037.5647938,"caller":"creds-init/main.go:44","msg":"Credentials initialized."}

Showing logs for build [32mmellard-org-terraform-azurerm-j-gm22s-5[0m stage [32mci[0m and container [32mworking-dir-initializer[0m

Showing logs for build [32mmellard-org-terraform-azurerm-j-gm22s-5[0m stage [32mci[0m and container [32mplace-tools[0m

Showing logs for build [32mmellard-org-terraform-azurerm-j-gm22s-5[0m stage [32mci[0m and container [32mstep-git-source-mellard-org-terraform-azurerm-j-gm22s-p757r[0m
{"level":"info","ts":1598516050.7606635,"caller":"git/git.go:105","msg":"Successfully cloned https://github.com/mellard-org/terraform-azurerm-**.git @ master in path /workspace/source"}
{"level":"warn","ts":1598516050.7607338,"caller":"git/git.go:152","msg":"Unexpected error: creating symlink: symlink /tekton/home/.ssh /root/.ssh: file exists"}
{"level":"info","ts":1598516050.8029828,"caller":"git/git.go:133","msg":"Successfully initialized and updated submodules in path /workspace/source"}

Showing logs for build [32mmellard-org-terraform-azurerm-j-gm22s-5[0m stage [32mci[0m and container [32mstep-setup-builder-home[0m

Showing logs for build [32mmellard-org-terraform-azurerm-j-gm22s-5[0m stage [32mci[0m and container [32mstep-git-merge[0m
Using SHAs from PULL_REFS=master:c67b7c68af44a6504323d93f1758ff8041c6c39e,2:7e1a914eede78098478f839c1078ee9089b217a9
DEBUG: LC_ALL=C JX_LOG_LEVEL=error git fetch origin --unshallow 7e1a914eede78098478f839c1078ee9089b217a9: c67b7c68af44a6504323d93f1758ff8041c6c39e:
DEBUG: ran git fetch --unshallow origin 7e1a914eede78098478f839c1078ee9089b217a9: c67b7c68af44a6504323d93f1758ff8041c6c39e: in 
DEBUG: LC_ALL=C JX_LOG_LEVEL=error git branch
DEBUG: LC_ALL=C JX_LOG_LEVEL=error git checkout master
DEBUG: ran git checkout master in 
DEBUG: JX_LOG_LEVEL=error LC_ALL=C git reset --hard c67b7c68af44a6504323d93f1758ff8041c6c39e
DEBUG: ran git reset --hard c67b7c68af44a6504323d93f1758ff8041c6c39e in 
DEBUG: LC_ALL=C JX_LOG_LEVEL=error git clean -fd .
DEBUG: ran clean --force -d . in 
DEBUG: LC_ALL=C JX_LOG_LEVEL=error git merge 7e1a914eede78098478f839c1078ee9089b217a9
DEBUG: ran git merge 7e1a914eede78098478f839c1078ee9089b217a9 in 
DEBUG: LC_ALL=C JX_LOG_LEVEL=error git log --format=%H%x1f%an%x1f%ae%x1f%cn%x1f%ce%x1f%s%n%b%x1e c67b7c68af44a6504323d93f1758ff8041c6c39e..HEAD
Merged SHA 7e1a914eede78098478f839c1078ee9089b217a9 with commit message 'rollback image' into base branch master
Merged SHA 28f842e9e83ffc94a86f26635d8b24f238a8fe7a with commit message 'rollback image' into base branch master
Merged SHA e358babd88932776b59106f8484174833f1c218c with commit message 'rollback image' into base branch master
Merged SHA 53c49d263eed25537745735f1fcbea793e35bd2c with commit message 'rollback image' into base branch master

Showing logs for build [32mmellard-org-terraform-azurerm-j-gm22s-5[0m stage [32mci[0m and container [32mstep-terraform-lint[0m
terraform init
[0m[1mTerraform initialized in an empty directory![0m

The directory has no Terraform configuration files. You may begin working
with Terraform immediately by creating Terraform configuration files.[0m
terraform version
Terraform v0.12.17

Your version of Terraform is out of date! The latest version
is 0.13.1. You can update by downloading from https://www.terraform.io/downloads.html
terraform fmt -check -diff -recursive
terraform validate
[32m[1mSuccess![0m The configuration is valid.
[0m

Showing logs for build [32mmellard-org-terraform-azurerm-j-gm22s-5[0m stage [32mci[0m and container [32mstep-terratest[0m
/bin/sh: test: Is a directory
[31m
Pipeline failed on stage 'ci' : container 'step-terratest'. The execution of the pipeline has stopped.[0m
