
Showing logs for build [32mmeta-mellard-org-terraform-azur-ldj25-9[0m stage [32mmeta-pipeline[0m and container [32mcredential-initializer[0m
{"level":"info","ts":1598522357.0720658,"caller":"creds-init/main.go:44","msg":"Credentials initialized."}

Showing logs for build [32mmeta-mellard-org-terraform-azur-ldj25-9[0m stage [32mmeta-pipeline[0m and container [32mworking-dir-initializer[0m

Showing logs for build [32mmeta-mellard-org-terraform-azur-ldj25-9[0m stage [32mmeta-pipeline[0m and container [32mplace-tools[0m

Showing logs for build [32mmeta-mellard-org-terraform-azur-ldj25-9[0m stage [32mmeta-pipeline[0m and container [32mstep-git-source-meta-mellard-org-terraform-azur-ldj25-fph7g[0m
{"level":"info","ts":1598522371.6391575,"caller":"git/git.go:105","msg":"Successfully cloned https://github.com/mellard-org/terraform-azurerm-**.git @ c67b7c68af44a6504323d93f1758ff8041c6c39e in path /workspace/source"}
{"level":"warn","ts":1598522371.6392312,"caller":"git/git.go:152","msg":"Unexpected error: creating symlink: symlink /tekton/home/.ssh /root/.ssh: file exists"}
{"level":"info","ts":1598522371.6867836,"caller":"git/git.go:133","msg":"Successfully initialized and updated submodules in path /workspace/source"}

Showing logs for build [32mmeta-mellard-org-terraform-azur-ldj25-9[0m stage [32mmeta-pipeline[0m and container [32mstep-setup-builder-home[0m

Showing logs for build [32mmeta-mellard-org-terraform-azur-ldj25-9[0m stage [32mmeta-pipeline[0m and container [32mstep-git-merge[0m
Using SHAs from PULL_REFS=master:c67b7c68af44a6504323d93f1758ff8041c6c39e,2:c96b30bce7b04da7bb7e1044369fdc3333b05cd0
DEBUG: LC_ALL=C JX_LOG_LEVEL=error git fetch origin --unshallow c96b30bce7b04da7bb7e1044369fdc3333b05cd0: c67b7c68af44a6504323d93f1758ff8041c6c39e:
DEBUG: ran git fetch --unshallow origin c96b30bce7b04da7bb7e1044369fdc3333b05cd0: c67b7c68af44a6504323d93f1758ff8041c6c39e: in 
DEBUG: LC_ALL=C JX_LOG_LEVEL=error git branch
DEBUG: JX_LOG_LEVEL=error LC_ALL=C git checkout master
DEBUG: ran git checkout master in 
DEBUG: JX_LOG_LEVEL=error LC_ALL=C git reset --hard c67b7c68af44a6504323d93f1758ff8041c6c39e
DEBUG: ran git reset --hard c67b7c68af44a6504323d93f1758ff8041c6c39e in 
DEBUG: LC_ALL=C JX_LOG_LEVEL=error git clean -fd .
DEBUG: ran clean --force -d . in 
DEBUG: JX_LOG_LEVEL=error LC_ALL=C git merge c96b30bce7b04da7bb7e1044369fdc3333b05cd0
DEBUG: ran git merge c96b30bce7b04da7bb7e1044369fdc3333b05cd0 in 
DEBUG: LC_ALL=C JX_LOG_LEVEL=error git log --format=%H%x1f%an%x1f%ae%x1f%cn%x1f%ce%x1f%s%n%b%x1e c67b7c68af44a6504323d93f1758ff8041c6c39e..HEAD
Merged SHA c96b30bce7b04da7bb7e1044369fdc3333b05cd0 with commit message 'x' into base branch master
Merged SHA ddebea26313889e964a02ee447e98df1e066b2d5 with commit message 'rollback image' into base branch master
Merged SHA 7add634cb9ee82c413efae23a7b3810b1399320b with commit message 'rollback image' into base branch master
Merged SHA d09e955b7742697edb781db88a031287c388cfcc with commit message 'rollback image' into base branch master
Merged SHA 7e1a914eede78098478f839c1078ee9089b217a9 with commit message 'rollback image' into base branch master
Merged SHA 28f842e9e83ffc94a86f26635d8b24f238a8fe7a with commit message 'rollback image' into base branch master
Merged SHA e358babd88932776b59106f8484174833f1c218c with commit message 'rollback image' into base branch master
Merged SHA 53c49d263eed25537745735f1fcbea793e35bd2c with commit message 'rollback image' into base branch master

Showing logs for build [32mmeta-mellard-org-terraform-azur-ldj25-9[0m stage [32mmeta-pipeline[0m and container [32mstep-merge-pull-refs[0m
DEBUG: LC_ALL=C JX_LOG_LEVEL=error git fetch origin --unshallow c96b30bce7b04da7bb7e1044369fdc3333b05cd0: c67b7c68af44a6504323d93f1758ff8041c6c39e:
DEBUG: LC_ALL=C JX_LOG_LEVEL=error git fetch origin c96b30bce7b04da7bb7e1044369fdc3333b05cd0: c67b7c68af44a6504323d93f1758ff8041c6c39e:
DEBUG: ran git fetch origin c96b30bce7b04da7bb7e1044369fdc3333b05cd0: c67b7c68af44a6504323d93f1758ff8041c6c39e: in 
DEBUG: LC_ALL=C JX_LOG_LEVEL=error git rev-parse --is-shallow-repository
DEBUG: Unshallowed git repo in 
DEBUG: LC_ALL=C JX_LOG_LEVEL=error git branch
DEBUG: LC_ALL=C JX_LOG_LEVEL=error git checkout master
DEBUG: ran git checkout master in 
DEBUG: LC_ALL=C JX_LOG_LEVEL=error git reset --hard c67b7c68af44a6504323d93f1758ff8041c6c39e
DEBUG: ran git reset --hard c67b7c68af44a6504323d93f1758ff8041c6c39e in 
DEBUG: LC_ALL=C JX_LOG_LEVEL=error git clean -fd .
DEBUG: ran clean --force -d . in 
DEBUG: LC_ALL=C JX_LOG_LEVEL=error git merge c96b30bce7b04da7bb7e1044369fdc3333b05cd0
DEBUG: ran git merge c96b30bce7b04da7bb7e1044369fdc3333b05cd0 in 
DEBUG: JX_LOG_LEVEL=error LC_ALL=C git log --format=%H%x1f%an%x1f%ae%x1f%cn%x1f%ce%x1f%s%n%b%x1e c67b7c68af44a6504323d93f1758ff8041c6c39e..HEAD
Merged SHA c96b30bce7b04da7bb7e1044369fdc3333b05cd0 with commit message 'x' into base branch master
Merged SHA ddebea26313889e964a02ee447e98df1e066b2d5 with commit message 'rollback image' into base branch master
Merged SHA 7add634cb9ee82c413efae23a7b3810b1399320b with commit message 'rollback image' into base branch master
Merged SHA d09e955b7742697edb781db88a031287c388cfcc with commit message 'rollback image' into base branch master
Merged SHA 7e1a914eede78098478f839c1078ee9089b217a9 with commit message 'rollback image' into base branch master
Merged SHA 28f842e9e83ffc94a86f26635d8b24f238a8fe7a with commit message 'rollback image' into base branch master
Merged SHA e358babd88932776b59106f8484174833f1c218c with commit message 'rollback image' into base branch master
Merged SHA 53c49d263eed25537745735f1fcbea793e35bd2c with commit message 'rollback image' into base branch master

Showing logs for build [32mmeta-mellard-org-terraform-azur-ldj25-9[0m stage [32mmeta-pipeline[0m and container [32mstep-create-effective-pipeline[0m
error: failed to create effective pipeline for pull request: validation failed for Pipeline: missing field(s): stages[0].options.volumes[0].name
[31m
Pipeline failed on stage 'meta-pipeline' : container 'step-create-effective-pipeline'. The execution of the pipeline has stopped.[0m
