
Showing logs for build [32mmellard-org-terraform-azurerm-j-dqzrg-1[0m stage [32mci[0m and container [32mcredential-initializer[0m
{"level":"info","ts":1599299419.8310828,"caller":"creds-init/main.go:44","msg":"Credentials initialized."}

Showing logs for build [32mmellard-org-terraform-azurerm-j-dqzrg-1[0m stage [32mci[0m and container [32mworking-dir-initializer[0m

Showing logs for build [32mmellard-org-terraform-azurerm-j-dqzrg-1[0m stage [32mci[0m and container [32mplace-tools[0m

Showing logs for build [32mmellard-org-terraform-azurerm-j-dqzrg-1[0m stage [32mci[0m and container [32mstep-git-source-mellard-org-terraform-azurerm-j-dqzrg-d85bv[0m
{"level":"info","ts":1599299699.8269575,"caller":"git/git.go:105","msg":"Successfully cloned https://github.com/mellard-org/terraform-azurerm-**.git @ master in path /workspace/source"}
{"level":"warn","ts":1599299699.8270211,"caller":"git/git.go:152","msg":"Unexpected error: creating symlink: symlink /tekton/home/.ssh /root/.ssh: file exists"}
{"level":"info","ts":1599299699.8706896,"caller":"git/git.go:133","msg":"Successfully initialized and updated submodules in path /workspace/source"}

Showing logs for build [32mmellard-org-terraform-azurerm-j-dqzrg-1[0m stage [32mci[0m and container [32mstep-setup-builder-home[0m

Showing logs for build [32mmellard-org-terraform-azurerm-j-dqzrg-1[0m stage [32mci[0m and container [32mstep-git-merge[0m
Using SHAs from PULL_REFS=master:f9a260795addaee94931aacef2ee1f3a768e1feb,6:d9f3d4af0ce56de2e3ba885f25e92be00d4a7287
DEBUG: LC_ALL=C JX_LOG_LEVEL=error git fetch origin --unshallow d9f3d4af0ce56de2e3ba885f25e92be00d4a7287: f9a260795addaee94931aacef2ee1f3a768e1feb:
DEBUG: ran git fetch --unshallow origin d9f3d4af0ce56de2e3ba885f25e92be00d4a7287: f9a260795addaee94931aacef2ee1f3a768e1feb: in 
DEBUG: LC_ALL=C JX_LOG_LEVEL=error git branch
DEBUG: LC_ALL=C JX_LOG_LEVEL=error git checkout master
DEBUG: ran git checkout master in 
DEBUG: LC_ALL=C JX_LOG_LEVEL=error git reset --hard f9a260795addaee94931aacef2ee1f3a768e1feb
DEBUG: ran git reset --hard f9a260795addaee94931aacef2ee1f3a768e1feb in 
DEBUG: LC_ALL=C JX_LOG_LEVEL=error git clean -fd .
DEBUG: ran clean --force -d . in 
DEBUG: LC_ALL=C JX_LOG_LEVEL=error git merge d9f3d4af0ce56de2e3ba885f25e92be00d4a7287
DEBUG: ran git merge d9f3d4af0ce56de2e3ba885f25e92be00d4a7287 in 
DEBUG: LC_ALL=C JX_LOG_LEVEL=error git log --format=%H%x1f%an%x1f%ae%x1f%cn%x1f%ce%x1f%s%n%b%x1e f9a260795addaee94931aacef2ee1f3a768e1feb..HEAD
Merged SHA 400998805b128b29a48f06ec286a2d417d9d8d36 with commit message 'Merge commit 'd9f3d4af0ce56de2e3ba885f25e92be00d4a7287'' into base branch master
Merged SHA d9f3d4af0ce56de2e3ba885f25e92be00d4a7287 with commit message 'fix: Enabled domain discovery when external_dns is disabled' into base branch master

Showing logs for build [32mmellard-org-terraform-azurerm-j-dqzrg-1[0m stage [32mci[0m and container [32mstep-terraform-lint[0m
terraform init
[0m[1mInitializing modules...[0m
- backup in modules/backup
- cluster in modules/cluster
- dns in modules/dns
- registry in modules/registry
- vault in modules/vault
- vnet in modules/vnet
[31m
[1m[31mError: [0m[0m[1mUnsupported Terraform Core version[0m

[0m  on main.tf line 6, in terraform:
   6:   [4mrequired_version = ">= 0.13.2"[0m
[0m
This configuration does not support Terraform version 0.13.0. To proceed,
either choose another supported Terraform version or update this version
constraint. Version constraints are normally set for good reason, so updating
the constraint may lead to other errors or unexpected behavior.
[0m[0m
make: *** [init] Error 1
[31m
Pipeline failed on stage 'ci' : container 'step-terraform-lint'. The execution of the pipeline has stopped.[0m
