
Showing logs for build [32mmeta-mellard-org-terraform-azur-sd8mq-12[0m stage [32mmeta-pipeline[0m and container [32mcredential-initializer[0m
{"level":"info","ts":1598479175.7027557,"caller":"creds-init/main.go:44","msg":"Credentials initialized."}

Showing logs for build [32mmeta-mellard-org-terraform-azur-sd8mq-12[0m stage [32mmeta-pipeline[0m and container [32mworking-dir-initializer[0m

Showing logs for build [32mmeta-mellard-org-terraform-azur-sd8mq-12[0m stage [32mmeta-pipeline[0m and container [32mplace-tools[0m

Showing logs for build [32mmeta-mellard-org-terraform-azur-sd8mq-12[0m stage [32mmeta-pipeline[0m and container [32mstep-git-source-meta-mellard-org-terraform-azur-sd8mq-q8f92[0m
{"level":"info","ts":1598479190.8038487,"caller":"git/git.go:105","msg":"Successfully cloned https://github.com/mellard-org/terraform-azurerm-**.git @ 49ed1a4f20056f323d387a682325045f640484bd in path /workspace/source"}
{"level":"warn","ts":1598479190.8039315,"caller":"git/git.go:152","msg":"Unexpected error: creating symlink: symlink /tekton/home/.ssh /root/.ssh: file exists"}
{"level":"info","ts":1598479190.866533,"caller":"git/git.go:133","msg":"Successfully initialized and updated submodules in path /workspace/source"}

Showing logs for build [32mmeta-mellard-org-terraform-azur-sd8mq-12[0m stage [32mmeta-pipeline[0m and container [32mstep-setup-builder-home[0m

Showing logs for build [32mmeta-mellard-org-terraform-azur-sd8mq-12[0m stage [32mmeta-pipeline[0m and container [32mstep-git-merge[0m
Using SHAs from PULL_REFS=master:49ed1a4f20056f323d387a682325045f640484bd,1:c67b7c68af44a6504323d93f1758ff8041c6c39e
DEBUG: LC_ALL=C JX_LOG_LEVEL=error git fetch origin --unshallow c67b7c68af44a6504323d93f1758ff8041c6c39e: 49ed1a4f20056f323d387a682325045f640484bd:
DEBUG: ran git fetch --unshallow origin c67b7c68af44a6504323d93f1758ff8041c6c39e: 49ed1a4f20056f323d387a682325045f640484bd: in 
DEBUG: LC_ALL=C JX_LOG_LEVEL=error git branch
DEBUG: JX_LOG_LEVEL=error LC_ALL=C git checkout master
DEBUG: ran git checkout master in 
DEBUG: LC_ALL=C JX_LOG_LEVEL=error git reset --hard 49ed1a4f20056f323d387a682325045f640484bd
DEBUG: ran git reset --hard 49ed1a4f20056f323d387a682325045f640484bd in 
DEBUG: LC_ALL=C JX_LOG_LEVEL=error git clean -fd .
DEBUG: ran clean --force -d . in 
DEBUG: LC_ALL=C JX_LOG_LEVEL=error git merge c67b7c68af44a6504323d93f1758ff8041c6c39e
error: error during merge: merging c67b7c68af44a6504323d93f1758ff8041c6c39e into master: git output: CONFLICT (modify/delete): variables.tf deleted in c67b7c68af44a6504323d93f1758ff8041c6c39e and modified in HEAD. Version HEAD of variables.tf left in tree.
Removing outputs.tf
CONFLICT (modify/delete): modules/dns/main.tf deleted in c67b7c68af44a6504323d93f1758ff8041c6c39e and modified in HEAD. Version HEAD of modules/dns/main.tf left in tree.
CONFLICT (modify/delete): main.tf deleted in c67b7c68af44a6504323d93f1758ff8041c6c39e and modified in HEAD. Version HEAD of main.tf left in tree.
CONFLICT (modify/delete): local.tf deleted in c67b7c68af44a6504323d93f1758ff8041c6c39e and modified in HEAD. Version HEAD of local.tf left in tree.
Auto-merging **_module/modules/dns/variables.tf
CONFLICT (content): Merge conflict in **_module/modules/dns/variables.tf
Auto-merging **_module/modules/cluster/outputs.tf
CONFLICT (content): Merge conflict in **_module/modules/cluster/outputs.tf
Auto-merging **_module/modules/cluster/main.tf
CONFLICT (content): Merge conflict in **_module/modules/cluster/main.tf
CONFLICT (modify/delete): **-requirements.yml.tpl deleted in c67b7c68af44a6504323d93f1758ff8041c6c39e and modified in HEAD. Version HEAD of **-requirements.yml.tpl left in tree.
Auto-merging README.md
CONFLICT (content): Merge conflict in README.md
Automatic merge failed; fix conflicts and then commit the result.: failed to run 'git merge c67b7c68af44a6504323d93f1758ff8041c6c39e' command in directory '', output: 'CONFLICT (modify/delete): variables.tf deleted in c67b7c68af44a6504323d93f1758ff8041c6c39e and modified in HEAD. Version HEAD of variables.tf left in tree.
Removing outputs.tf
CONFLICT (modify/delete): modules/dns/main.tf deleted in c67b7c68af44a6504323d93f1758ff8041c6c39e and modified in HEAD. Version HEAD of modules/dns/main.tf left in tree.
CONFLICT (modify/delete): main.tf deleted in c67b7c68af44a6504323d93f1758ff8041c6c39e and modified in HEAD. Version HEAD of main.tf left in tree.
CONFLICT (modify/delete): local.tf deleted in c67b7c68af44a6504323d93f1758ff8041c6c39e and modified in HEAD. Version HEAD of local.tf left in tree.
Auto-merging **_module/modules/dns/variables.tf
CONFLICT (content): Merge conflict in **_module/modules/dns/variables.tf
Auto-merging **_module/modules/cluster/outputs.tf
CONFLICT (content): Merge conflict in **_module/modules/cluster/outputs.tf
Auto-merging **_module/modules/cluster/main.tf
CONFLICT (content): Merge conflict in **_module/modules/cluster/main.tf
CONFLICT (modify/delete): **-requirements.yml.tpl deleted in c67b7c68af44a6504323d93f1758ff8041c6c39e and modified in HEAD. Version HEAD of **-requirements.yml.tpl left in tree.
Auto-merging README.md
CONFLICT (content): Merge conflict in README.md
Automatic merge failed; fix conflicts and then commit the result.'
[31m
Pipeline failed on stage 'meta-pipeline' : container 'step-git-merge'. The execution of the pipeline has stopped.[0m
