
Showing logs for build [32mmellard-org-terraform-azurerm-j-gvrvt-31[0m stage [32mbuild[0m and container [32mcredential-initializer[0m
{"level":"info","ts":1599552564.8552923,"caller":"creds-init/main.go:44","msg":"Credentials initialized."}

Showing logs for build [32mmellard-org-terraform-azurerm-j-gvrvt-31[0m stage [32mbuild[0m and container [32mworking-dir-initializer[0m

Showing logs for build [32mmellard-org-terraform-azurerm-j-gvrvt-31[0m stage [32mbuild[0m and container [32mplace-tools[0m

Showing logs for build [32mmellard-org-terraform-azurerm-j-gvrvt-31[0m stage [32mbuild[0m and container [32mstep-git-source-mellard-org-terraform-azurerm-j-gvrvt-b8vt2[0m
{"level":"info","ts":1599552577.344794,"caller":"git/git.go:105","msg":"Successfully cloned https://github.com/mellard-org/terraform-azurerm-**.git @ master in path /workspace/source"}
{"level":"warn","ts":1599552577.344901,"caller":"git/git.go:152","msg":"Unexpected error: creating symlink: symlink /tekton/home/.ssh /root/.ssh: file exists"}
{"level":"info","ts":1599552577.3833997,"caller":"git/git.go:133","msg":"Successfully initialized and updated submodules in path /workspace/source"}

Showing logs for build [32mmellard-org-terraform-azurerm-j-gvrvt-31[0m stage [32mbuild[0m and container [32mstep-setup-builder-home[0m

Showing logs for build [32mmellard-org-terraform-azurerm-j-gvrvt-31[0m stage [32mbuild[0m and container [32mstep-git-merge[0m
Using SHAs from PULL_REFS=master:36e07b1bdb7f7e71dba6f5fade21c9f938b2d0e6,3:1224856f71a9050f59db1fd427a36b46d7833cf7
DEBUG: LC_ALL=C JX_LOG_LEVEL=error git fetch origin --unshallow 1224856f71a9050f59db1fd427a36b46d7833cf7: 36e07b1bdb7f7e71dba6f5fade21c9f938b2d0e6:
DEBUG: ran git fetch --unshallow origin 1224856f71a9050f59db1fd427a36b46d7833cf7: 36e07b1bdb7f7e71dba6f5fade21c9f938b2d0e6: in 
DEBUG: LC_ALL=C JX_LOG_LEVEL=error git branch
DEBUG: LC_ALL=C JX_LOG_LEVEL=error git checkout master
DEBUG: ran git checkout master in 
DEBUG: LC_ALL=C JX_LOG_LEVEL=error git reset --hard 36e07b1bdb7f7e71dba6f5fade21c9f938b2d0e6
DEBUG: ran git reset --hard 36e07b1bdb7f7e71dba6f5fade21c9f938b2d0e6 in 
DEBUG: LC_ALL=C JX_LOG_LEVEL=error git clean -fd .
DEBUG: ran clean --force -d . in 
DEBUG: LC_ALL=C JX_LOG_LEVEL=error git merge 1224856f71a9050f59db1fd427a36b46d7833cf7
DEBUG: ran git merge 1224856f71a9050f59db1fd427a36b46d7833cf7 in 
DEBUG: LC_ALL=C JX_LOG_LEVEL=error git log --format=%H%x1f%an%x1f%ae%x1f%cn%x1f%ce%x1f%s%n%b%x1e 36e07b1bdb7f7e71dba6f5fade21c9f938b2d0e6..HEAD
Merged SHA 1224856f71a9050f59db1fd427a36b46d7833cf7 with commit message 'feat: Add in Key Vault test' into base branch master

Showing logs for build [32mmellard-org-terraform-azurerm-j-gvrvt-31[0m stage [32mbuild[0m and container [32mstep-build-test-commands[0m
GOOS=linux GOARCH=amd64 GO111MODULE=on go build -o build/linux/verify_key_vault ./cmd/verify_key_vault
go: downloading github.com/Azure/go-autorest v14.2.0+incompatible
go: downloading github.com/Azure/azure-sdk-for-go v46.0.0+incompatible
go: extracting github.com/Azure/go-autorest v14.2.0+incompatible
go: downloading github.com/Azure/go-autorest/autorest v0.11.0
go: extracting github.com/Azure/go-autorest/autorest v0.11.0
go: downloading github.com/Azure/go-autorest/logger v0.2.0
go: downloading github.com/Azure/go-autorest/autorest/adal v0.9.2
go: downloading github.com/Azure/go-autorest/tracing v0.6.0
go: extracting github.com/Azure/go-autorest/logger v0.2.0
go: extracting github.com/Azure/go-autorest/tracing v0.6.0
go: extracting github.com/Azure/go-autorest/autorest/adal v0.9.2
go: downloading github.com/dgrijalva/jwt-go v3.2.0+incompatible
go: downloading github.com/Azure/go-autorest/autorest/date v0.3.0
go: downloading golang.org/x/crypto v0.0.0-20200622213623-75b288015ac9
go: extracting github.com/dgrijalva/jwt-go v3.2.0+incompatible
go: extracting github.com/Azure/go-autorest/autorest/date v0.3.0
go: extracting golang.org/x/crypto v0.0.0-20200622213623-75b288015ac9
go: extracting github.com/Azure/azure-sdk-for-go v46.0.0+incompatible
go: downloading github.com/Azure/go-autorest/autorest/validation v0.2.0
go: downloading github.com/Azure/go-autorest/autorest/to v0.3.0
go: extracting github.com/Azure/go-autorest/autorest/validation v0.2.0
go: extracting github.com/Azure/go-autorest/autorest/to v0.3.0
go: finding github.com/Azure/azure-sdk-for-go v46.0.0+incompatible
go: finding github.com/Azure/go-autorest/autorest v0.11.0
go: finding github.com/Azure/go-autorest/autorest/adal v0.9.2
go: finding github.com/Azure/go-autorest/autorest/date v0.3.0
go: finding github.com/Azure/go-autorest/autorest/to v0.3.0
go: finding github.com/Azure/go-autorest/autorest/validation v0.2.0
go: finding github.com/Azure/go-autorest/tracing v0.6.0
go: finding github.com/dgrijalva/jwt-go v3.2.0+incompatible
go: finding golang.org/x/crypto v0.0.0-20200622213623-75b288015ac9
go: finding github.com/Azure/go-autorest/logger v0.2.0
chmod +x build/linux/verify_key_vault

Showing logs for build [32mmellard-org-terraform-azurerm-j-gvrvt-31[0m stage [32mbuild[0m and container [32mstep-build-and-push-image[0m
E0908 08:09:58.689415      11 aws_credentials.go:77] while getting AWS credentials NoCredentialProviders: no valid providers in chain. Deprecated.
	For verbose messaging see aws.Config.CredentialsChainVerboseErrors
[36mINFO[0m[0003] Retrieving image manifest alpine:latest      
[36mINFO[0m[0005] Retrieving image manifest alpine:latest      
[36mINFO[0m[0009] Built cross stage deps: map[]                
[36mINFO[0m[0009] Retrieving image manifest alpine:latest      
[36mINFO[0m[0013] Retrieving image manifest alpine:latest      
[36mINFO[0m[0016] Executing 0 build triggers                   
[36mINFO[0m[0016] Unpacking rootfs as cmd COPY ./build/linux/verify_key_vault /usr/bin/verify_key_vault requires it. 
[36mINFO[0m[0017] ENTRYPOINT ["verify_key_vault"]              
[36mINFO[0m[0017] COPY ./build/linux/verify_key_vault /usr/bin/verify_key_vault 
[36mINFO[0m[0017] Taking snapshot of files...                  
