
Showing logs for build [32mmellard-org-terraform-azurerm-j-tnqrw-6[0m stage [32mbuild[0m and container [32mcredential-initializer[0m
{"level":"info","ts":1599391763.2090416,"caller":"creds-init/main.go:44","msg":"Credentials initialized."}

Showing logs for build [32mmellard-org-terraform-azurerm-j-tnqrw-6[0m stage [32mbuild[0m and container [32mworking-dir-initializer[0m

Showing logs for build [32mmellard-org-terraform-azurerm-j-tnqrw-6[0m stage [32mbuild[0m and container [32mplace-tools[0m

Showing logs for build [32mmellard-org-terraform-azurerm-j-tnqrw-6[0m stage [32mbuild[0m and container [32mstep-git-source-mellard-org-terraform-azurerm-j-tnqrw-v6khh[0m
{"level":"info","ts":1599391783.395252,"caller":"git/git.go:105","msg":"Successfully cloned https://github.com/mellard-org/terraform-azurerm-**.git @ master in path /workspace/source"}
{"level":"warn","ts":1599391783.3953161,"caller":"git/git.go:152","msg":"Unexpected error: creating symlink: symlink /tekton/home/.ssh /root/.ssh: file exists"}
{"level":"info","ts":1599391783.4349813,"caller":"git/git.go:133","msg":"Successfully initialized and updated submodules in path /workspace/source"}

Showing logs for build [32mmellard-org-terraform-azurerm-j-tnqrw-6[0m stage [32mbuild[0m and container [32mstep-setup-builder-home[0m

Showing logs for build [32mmellard-org-terraform-azurerm-j-tnqrw-6[0m stage [32mbuild[0m and container [32mstep-git-merge[0m
Using SHAs from PULL_REFS=master:97664f2c734221b944c40df5caa2cfd343abe03a,3:fe4d849f968a3e8b96fd983a4b4c9a4649dada9d
DEBUG: JX_LOG_LEVEL=error LC_ALL=C git fetch origin --unshallow fe4d849f968a3e8b96fd983a4b4c9a4649dada9d: 97664f2c734221b944c40df5caa2cfd343abe03a:
DEBUG: ran git fetch --unshallow origin fe4d849f968a3e8b96fd983a4b4c9a4649dada9d: 97664f2c734221b944c40df5caa2cfd343abe03a: in 
DEBUG: LC_ALL=C JX_LOG_LEVEL=error git branch
DEBUG: LC_ALL=C JX_LOG_LEVEL=error git checkout master
DEBUG: ran git checkout master in 
DEBUG: LC_ALL=C JX_LOG_LEVEL=error git reset --hard 97664f2c734221b944c40df5caa2cfd343abe03a
DEBUG: ran git reset --hard 97664f2c734221b944c40df5caa2cfd343abe03a in 
DEBUG: LC_ALL=C JX_LOG_LEVEL=error git clean -fd .
DEBUG: ran clean --force -d . in 
DEBUG: LC_ALL=C JX_LOG_LEVEL=error git merge fe4d849f968a3e8b96fd983a4b4c9a4649dada9d
DEBUG: ran git merge fe4d849f968a3e8b96fd983a4b4c9a4649dada9d in 
DEBUG: LC_ALL=C JX_LOG_LEVEL=error git log --format=%H%x1f%an%x1f%ae%x1f%cn%x1f%ce%x1f%s%n%b%x1e 97664f2c734221b944c40df5caa2cfd343abe03a..HEAD
Merged SHA fe4d849f968a3e8b96fd983a4b4c9a4649dada9d with commit message 'feat: Add in Key Vault test' into base branch master

Showing logs for build [32mmellard-org-terraform-azurerm-j-tnqrw-6[0m stage [32mbuild[0m and container [32mstep-build-test-commands[0m
GOOS=linux GOARCH=amd64 GO111MODULE=on go build -o build/linux/verify_key_vault ./cmd/verify_key_vault
go: downloading github.com/Azure/go-autorest v14.2.0+incompatible
go: downloading github.com/Azure/azure-sdk-for-go v46.0.0+incompatible
go: extracting github.com/Azure/go-autorest v14.2.0+incompatible
go: downloading github.com/Azure/go-autorest/autorest v0.11.0
go: extracting github.com/Azure/go-autorest/autorest v0.11.0
go: downloading github.com/Azure/go-autorest/autorest/adal v0.9.2
go: downloading github.com/Azure/go-autorest/logger v0.2.0
go: downloading github.com/Azure/go-autorest/tracing v0.6.0
go: extracting github.com/Azure/go-autorest/logger v0.2.0
go: extracting github.com/Azure/go-autorest/tracing v0.6.0
go: extracting github.com/Azure/go-autorest/autorest/adal v0.9.2
go: downloading github.com/dgrijalva/jwt-go v3.2.0+incompatible
go: downloading golang.org/x/crypto v0.0.0-20200622213623-75b288015ac9
go: downloading github.com/Azure/go-autorest/autorest/date v0.3.0
go: extracting github.com/Azure/go-autorest/autorest/date v0.3.0
go: extracting github.com/dgrijalva/jwt-go v3.2.0+incompatible
go: extracting golang.org/x/crypto v0.0.0-20200622213623-75b288015ac9
go: extracting github.com/Azure/azure-sdk-for-go v46.0.0+incompatible
go: downloading github.com/Azure/go-autorest/autorest/validation v0.2.0
go: downloading github.com/Azure/go-autorest/autorest/to v0.3.0
go: extracting github.com/Azure/go-autorest/autorest/to v0.3.0
go: extracting github.com/Azure/go-autorest/autorest/validation v0.2.0
go: finding github.com/Azure/azure-sdk-for-go v46.0.0+incompatible
go: finding github.com/Azure/go-autorest/autorest v0.11.0
go: finding github.com/Azure/go-autorest/autorest/adal v0.9.2
go: finding github.com/Azure/go-autorest/autorest/date v0.3.0
go: finding github.com/Azure/go-autorest/autorest/to v0.3.0
go: finding github.com/Azure/go-autorest/autorest/validation v0.2.0
go: finding github.com/Azure/go-autorest/tracing v0.6.0
go: finding github.com/Azure/go-autorest/logger v0.2.0
go: finding github.com/dgrijalva/jwt-go v3.2.0+incompatible
go: finding golang.org/x/crypto v0.0.0-20200622213623-75b288015ac9
chmod +x build/linux/verify_key_vault

Showing logs for build [32mmellard-org-terraform-azurerm-j-tnqrw-6[0m stage [32mbuild[0m and container [32mstep-test[0m
2020/09/06 11:30:17 Error executing command: fork/exec /bin/sh: no such file or directory
[31m
Pipeline failed on stage 'build' : container 'step-test'. The execution of the pipeline has stopped.[0m
